<?xml version="1.0" encoding="UTF-8"?>
<!-- Generated by org.testng.reporters.JUnitXMLReporter -->
<testsuite hostname="W1651151" ignored="0" name="Test" tests="2" failures="1" timestamp="11 Apr 2019 11:05:27 GMT" time="13.952" errors="0">
  <testcase name="Login" time="13.847" classname="testNG_Listener_Demo.TestCases"/>
  <testcase name="TestToFail" time="0.007" classname="testNG_Listener_Demo.TestCases">
    <failure type="java.lang.AssertionError" message="expected [true] but found [false]">
      <![CDATA[java.lang.AssertionError: expected [true] but found [false]
at testNG_Listener_Demo.TestCases.TestToFail(TestCases.java:38)
... Removed 29 stack frames]]>
    </failure>
  </testcase> <!-- TestToFail -->
</testsuite> <!-- Test -->
